C:\Program Files (x86)\Microsoft Visual Studio\2019\Enterprise\MSBuild\Microsoft\VC\v160\Microsoft.CppBuild.targets(498,5): warning MSB8004: Intermediate Directory does not end with a trailing slash.  This build instance will add the slash as it is required to allow proper evaluation of the Intermediate Directory.
C:\Program Files (x86)\Microsoft Visual Studio\2019\Enterprise\MSBuild\Microsoft\VC\v160\Microsoft.CppBuild.targets(499,5): warning MSB8004: Output Directory does not end with a trailing slash.  This build instance will add the slash as it is required to allow proper evaluation of the Output Directory.
  ball.cpp
  BallManager.cpp
  field.cpp
  FieldManager.cpp
  game.cpp
  InputManager.cpp
  keyProcess.cpp
  newDebugDraw.cpp
  object.cpp
  openGLFramework.cpp
C:\Dev\Cohort18-Private\PC Game\NateNik\OpenGL Framework\source\openGLFramework.cpp(79,15): warning C4838: conversion from 'int' to 'BYTE' requires a narrowing conversion
C:\Dev\Cohort18-Private\PC Game\NateNik\OpenGL Framework\source\openGLFramework.cpp(370,2): warning C4996: 'strncpy': This function or variable may be unsafe. Consider using strncpy_s instead. To disable deprecation, use _CRT_SECURE_NO_WARNINGS. See online help for details.
  openGLStuff.cpp
  Player.cpp
  PowerUpManager.cpp
  random.cpp
  ShapeDraw.cpp
C:\Dev\Cohort18-Private\PC Game\NateNik\OpenGL Framework\source\ShapeDraw.cpp(29,44): warning C4244: 'argument': conversion from 'double' to 'GLfloat', possible loss of data
C:\Dev\Cohort18-Private\PC Game\NateNik\OpenGL Framework\source\ShapeDraw.cpp(29,17): warning C4244: 'argument': conversion from 'double' to 'GLfloat', possible loss of data
C:\Dev\Cohort18-Private\PC Game\NateNik\OpenGL Framework\source\ShapeDraw.cpp(30,47): warning C4244: 'argument': conversion from 'double' to 'GLfloat', possible loss of data
C:\Dev\Cohort18-Private\PC Game\NateNik\OpenGL Framework\source\ShapeDraw.cpp(30,17): warning C4244: 'argument': conversion from 'double' to 'GLfloat', possible loss of data
C:\Dev\Cohort18-Private\PC Game\NateNik\OpenGL Framework\source\ShapeDraw.cpp(31,47): warning C4244: 'argument': conversion from 'double' to 'GLfloat', possible loss of data
C:\Dev\Cohort18-Private\PC Game\NateNik\OpenGL Framework\source\ShapeDraw.cpp(31,17): warning C4244: 'argument': conversion from 'double' to 'GLfloat', possible loss of data
  speedBoost.cpp
  SpriteDemoManager.cpp
C:\Dev\Cohort18-Private\PC Game\NateNik\OpenGL Framework\source\SpriteDemoManager.cpp(19,114): warning C4042: 'spawnPosition': has bad storage class
  stateManager.cpp
  Generating Code...
SOIL.lib(SOIL.obj) : warning LNK4075: ignoring '/EDITANDCONTINUE' due to '/SAFESEH' specification
LINK : warning LNK4098: defaultlib 'LIBCMTD' conflicts with use of other libs; use /NODEFAULTLIB:library
LINK : warning LNK4098: defaultlib 'MSVCRTD' conflicts with use of other libs; use /NODEFAULTLIB:library
SOIL.lib(image_DXT.obj) : warning LNK4099: PDB 'vc90.pdb' was not found with 'SOIL.lib(image_DXT.obj)' or at 'C:\Dev\Cohort18-Private\PC Game\NateNik\OpenGL Framework\build\bin\Debug\Win32\vc90.pdb'; linking object as if no debug info
SOIL.lib(image_helper.obj) : warning LNK4099: PDB 'vc90.pdb' was not found with 'SOIL.lib(image_helper.obj)' or at 'C:\Dev\Cohort18-Private\PC Game\NateNik\OpenGL Framework\build\bin\Debug\Win32\vc90.pdb'; linking object as if no debug info
SOIL.lib(SOIL.obj) : warning LNK4099: PDB 'vc90.pdb' was not found with 'SOIL.lib(SOIL.obj)' or at 'C:\Dev\Cohort18-Private\PC Game\NateNik\OpenGL Framework\build\bin\Debug\Win32\vc90.pdb'; linking object as if no debug info
SOIL.lib(stb_image_aug.obj) : warning LNK4099: PDB 'vc90.pdb' was not found with 'SOIL.lib(stb_image_aug.obj)' or at 'C:\Dev\Cohort18-Private\PC Game\NateNik\OpenGL Framework\build\bin\Debug\Win32\vc90.pdb'; linking object as if no debug info
  OpenGL Framework.vcxproj -> C:\Dev\Cohort18-Private\PC Game\NateNik\OpenGL Framework\build\bin\Debug\Win32\OpenGL Framework.exe
