c:\dev\cohort18-private\pc game\natenik\opengl framework\build\obj\debug\win32\vc142.pdb
c:\dev\cohort18-private\pc game\natenik\opengl framework\build\obj\debug\win32\statemanager.obj
c:\dev\cohort18-private\pc game\natenik\opengl framework\build\obj\debug\win32\spritedemomanager.obj
c:\dev\cohort18-private\pc game\natenik\opengl framework\build\obj\debug\win32\speedboost.obj
c:\dev\cohort18-private\pc game\natenik\opengl framework\build\obj\debug\win32\shapedraw.obj
c:\dev\cohort18-private\pc game\natenik\opengl framework\build\obj\debug\win32\random.obj
c:\dev\cohort18-private\pc game\natenik\opengl framework\build\obj\debug\win32\powerupmanager.obj
c:\dev\cohort18-private\pc game\natenik\opengl framework\build\obj\debug\win32\player.obj
c:\dev\cohort18-private\pc game\natenik\opengl framework\build\obj\debug\win32\openglstuff.obj
c:\dev\cohort18-private\pc game\natenik\opengl framework\build\obj\debug\win32\openglframework.obj
c:\dev\cohort18-private\pc game\natenik\opengl framework\build\obj\debug\win32\object.obj
c:\dev\cohort18-private\pc game\natenik\opengl framework\build\obj\debug\win32\newdebugdraw.obj
c:\dev\cohort18-private\pc game\natenik\opengl framework\build\obj\debug\win32\keyprocess.obj
c:\dev\cohort18-private\pc game\natenik\opengl framework\build\obj\debug\win32\inputmanager.obj
c:\dev\cohort18-private\pc game\natenik\opengl framework\build\obj\debug\win32\game.obj
c:\dev\cohort18-private\pc game\natenik\opengl framework\build\obj\debug\win32\fieldmanager.obj
c:\dev\cohort18-private\pc game\natenik\opengl framework\build\obj\debug\win32\field.obj
c:\dev\cohort18-private\pc game\natenik\opengl framework\build\obj\debug\win32\ballmanager.obj
c:\dev\cohort18-private\pc game\natenik\opengl framework\build\obj\debug\win32\ball.obj
c:\dev\cohort18-private\pc game\natenik\opengl framework\build\bin\debug\win32\opengl framework.exe
c:\dev\cohort18-private\pc game\natenik\opengl framework\build\obj\debug\win32\opengl framework.ilk
c:\dev\cohort18-private\pc game\natenik\opengl framework\build\bin\debug\win32\opengl framework.pdb
c:\dev\cohort18-private\pc game\natenik\opengl framework\build\obj\debug\win32\opengl framework.tlog\cl.command.1.tlog
c:\dev\cohort18-private\pc game\natenik\opengl framework\build\obj\debug\win32\opengl framework.tlog\cl.read.1.tlog
c:\dev\cohort18-private\pc game\natenik\opengl framework\build\obj\debug\win32\opengl framework.tlog\cl.write.1.tlog
c:\dev\cohort18-private\pc game\natenik\opengl framework\build\obj\debug\win32\opengl framework.tlog\link.command.1.tlog
c:\dev\cohort18-private\pc game\natenik\opengl framework\build\obj\debug\win32\opengl framework.tlog\link.read.1.tlog
c:\dev\cohort18-private\pc game\natenik\opengl framework\build\obj\debug\win32\opengl framework.tlog\link.write.1.tlog
